[32m2023-06-28 07:28:38 +0000[0m - dagster - [34mDEBUG[0m - __ASSET_JOB - 7375f6c6-9c76-4dcd-bd4a-782c24f4cb58 - 209339 - LOGS_CAPTURED - Started capturing logs in process (pid: 209339).
[32m2023-06-28 07:28:38 +0000[0m - dagster - [34mDEBUG[0m - __ASSET_JOB - 7375f6c6-9c76-4dcd-bd4a-782c24f4cb58 - 209339 - most_frequent_words - STEP_START - Started execution of step "most_frequent_words".
[32m2023-06-28 07:28:38 +0000[0m - dagster - [34mDEBUG[0m - __ASSET_JOB - 7375f6c6-9c76-4dcd-bd4a-782c24f4cb58 - most_frequent_words - Loading file from: /workspaces/sn_repo/my-dagster-project/tmpkilrcro9/storage/topstories
[32m2023-06-28 07:28:38 +0000[0m - dagster - [34mDEBUG[0m - __ASSET_JOB - 7375f6c6-9c76-4dcd-bd4a-782c24f4cb58 - 209339 - most_frequent_words - ASSET_OBSERVATION - ASSET_OBSERVATION for step most_frequent_words
[32m2023-06-28 07:28:38 +0000[0m - dagster - [34mDEBUG[0m - __ASSET_JOB - 7375f6c6-9c76-4dcd-bd4a-782c24f4cb58 - 209339 - most_frequent_words - LOADED_INPUT - Loaded input "topstories" using input manager "io_manager"
[32m2023-06-28 07:28:38 +0000[0m - dagster - [34mDEBUG[0m - __ASSET_JOB - 7375f6c6-9c76-4dcd-bd4a-782c24f4cb58 - 209339 - most_frequent_words - STEP_INPUT - Got input "topstories" of type "Any". (Type check passed).
[32m2023-06-28 07:28:39 +0000[0m - dagster - [34mERROR[0m - [31m__ASSET_JOB - 7375f6c6-9c76-4dcd-bd4a-782c24f4cb58 - 209339 - most_frequent_words - STEP_FAILURE - Execution of step "most_frequent_words" failed.

dagster._core.errors.DagsterExecutionStepExecutionError: Error occurred while executing op "most_frequent_words"::

NameError: name 'BytesIO' is not defined

Stack Trace:
  File "/usr/local/python/3.10.8/lib/python3.10/site-packages/dagster/_core/execution/plan/utils.py", line 54, in op_execution_error_boundary
    yield
  File "/usr/local/python/3.10.8/lib/python3.10/site-packages/dagster/_utils/__init__.py", line 445, in iterate_with_context
    next_output = next(iterator)
  File "/usr/local/python/3.10.8/lib/python3.10/site-packages/dagster/_core/execution/plan/compute_generator.py", line 124, in _coerce_op_compute_fn_to_iterator
    result = invoke_compute_fn(
  File "/usr/local/python/3.10.8/lib/python3.10/site-packages/dagster/_core/execution/plan/compute_generator.py", line 118, in invoke_compute_fn
    return fn(context, **args_to_pass) if context_arg_provided else fn(**args_to_pass)
  File "/workspaces/sn_repo/my-dagster-project/my_dagster_project/assets.py", line 74, in most_frequent_words
    buffer = BytesIO()
[0m
